<?xml version="1.0" encoding="UTF-8"?>
<beans xmlns="http://www.springframework.org/schema/beans"
       xmlns:xsi="http://www.w3.org/2001/XMLSchema-instance"
       xsi:schemaLocation="http://www.springframework.org/schema/beans
            http://www.springframework.org/schema/beans/spring-beans-2.0.xsd">


    <!-- MySql DataSource Setup -->
    <bean id="mysql-ds" class="org.apache.commons.dbcp.BasicDataSource" destroy-method="close">
        <property name="driverClassName" value="com.mysql.jdbc.Driver"/>
        <property name="url" value="jdbc:mysql://localhost:3306/txtbl"/>
        <property name="username" value="root"/>
        <property name="password" value="txtbl123"/>
        <property name="poolPreparedStatements" value="true"/>
    </bean>

    <!-- SQLite DataSource Setup -->
    <!--<bean id="sqlite-ds" class="org.apache.commons.dbcp.BasicDataSource" destroy-method="close">-->
        <!--<property name="driverClassName" value="org.sqlite.JDBC"/>-->
        <!--<property name="url" value="jdbc:sqlite:1.db"/>-->
        <!--<property name="username" value=""/>-->
        <!--<property name="password" value=""/>-->
    <!--</bean>-->


</beans>